<?xml version="1.0" encoding="utf-8"?>
<coverage line-rate="1" branch-rate="1" version="1.9" timestamp="1764610984" lines-covered="12" lines-valid="12" branches-covered="0" branches-valid="0">
  <sources>
    <source>/Users/felipe/Developer/GrpcPedidos/Src/</source>
  </sources>
  <packages>
    <package name="GrpcPedidos.Core" line-rate="1" branch-rate="1" complexity="4">
      <classes>
        <class name="GrpcPedidos.Core.Entities.Pedido" filename="GrpcPedidos.Core/Entities/Pedido.cs" line-rate="1" branch-rate="1" complexity="4">
          <methods>
            <method name="get_Id" signature="()" line-rate="1" branch-rate="1" complexity="1">
              <lines>
                <line number="5" hits="3" branch="False" />
              </lines>
            </method>
            <method name="get_Cliente" signature="()" line-rate="1" branch-rate="1" complexity="1">
              <lines>
                <line number="6" hits="8" branch="False" />
              </lines>
            </method>
            <method name="get_Fecha" signature="()" line-rate="1" branch-rate="1" complexity="1">
              <lines>
                <line number="7" hits="3" branch="False" />
              </lines>
            </method>
            <method name="get_Total" signature="()" line-rate="1" branch-rate="1" complexity="1">
              <lines>
                <line number="8" hits="5" branch="False" />
              </lines>
            </method>
          </methods>
          <lines>
            <line number="5" hits="3" branch="False" />
            <line number="6" hits="8" branch="False" />
            <line number="7" hits="3" branch="False" />
            <line number="8" hits="5" branch="False" />
          </lines>
        </class>
      </classes>
    </package>
    <package name="GrpcPedidos.Application" line-rate="1" branch-rate="1" complexity="3">
      <classes>
        <class name="GrpcPedidos.Application.Services.PedidoService" filename="GrpcPedidos.Application/Services/PedidoService.cs" line-rate="1" branch-rate="1" complexity="1">
          <methods>
            <method name=".ctor" signature="(GrpcPedidos.Core.Entities.IPedidoRepository)" line-rate="1" branch-rate="1" complexity="1">
              <lines>
                <line number="8" hits="4" branch="False" />
              </lines>
            </method>
          </methods>
          <lines>
            <line number="8" hits="4" branch="False" />
          </lines>
        </class>
        <class name="GrpcPedidos.Application.Services.PedidoService/&lt;CrearPedidoAsync&gt;d__2" filename="GrpcPedidos.Application/Services/PedidoService.cs" line-rate="1" branch-rate="1" complexity="1">
          <methods>
            <method name="MoveNext" signature="()" line-rate="1" branch-rate="1" complexity="1">
              <lines>
                <line number="10" hits="1" branch="False" />
                <line number="11" hits="1" branch="False" />
                <line number="12" hits="1" branch="False" />
                <line number="13" hits="1" branch="False" />
              </lines>
            </method>
          </methods>
          <lines>
            <line number="10" hits="1" branch="False" />
            <line number="11" hits="1" branch="False" />
            <line number="12" hits="1" branch="False" />
            <line number="13" hits="1" branch="False" />
          </lines>
        </class>
        <class name="GrpcPedidos.Application.Services.PedidoService/&lt;ListarPedidosAsync&gt;d__3" filename="GrpcPedidos.Application/Services/PedidoService.cs" line-rate="1" branch-rate="1" complexity="1">
          <methods>
            <method name="MoveNext" signature="()" line-rate="1" branch-rate="1" complexity="1">
              <lines>
                <line number="16" hits="1" branch="False" />
                <line number="17" hits="1" branch="False" />
                <line number="18" hits="1" branch="False" />
              </lines>
            </method>
          </methods>
          <lines>
            <line number="16" hits="1" branch="False" />
            <line number="17" hits="1" branch="False" />
            <line number="18" hits="1" branch="False" />
          </lines>
        </class>
      </classes>
    </package>
  </packages>
</coverage>